[    0.000000] Linux version 4.15.0-64-generic (buildd@lgw01-amd64-038) (gcc version 7.4.0 (Ubuntu 7.4.0-1ubuntu1~18.04.1)) #73-Ubuntu SMP Thu Sep 12 13:16:13 UTC 2019 (Ubuntu 4.15.0-64.73-generic 4.15.18)
[    0.000000] Command line: BOOT_IMAGE=/boot/vmlinuz-4.15.0-64-generic root=LABEL=cloudimg-rootfs ro console=tty1 console=ttyS0
[    0.000000] KERNEL supported cpus:
[    0.000000]   Intel GenuineIntel
[    0.000000]   AMD AuthenticAMD
[    0.000000]   Centaur CentaurHauls
[    0.000000] x86/fpu: Supporting XSAVE feature 0x001: 'x87 floating point registers'
[    0.000000] x86/fpu: Supporting XSAVE feature 0x002: 'SSE registers'
[    0.000000] x86/fpu: Supporting XSAVE feature 0x004: 'AVX registers'
[    0.000000] x86/fpu: xstate_offset[2]:  576, xstate_sizes[2]:  256
[    0.000000] x86/fpu: Enabled xstate features 0x7, context size is 832 bytes, using 'standard' format.
[    0.000000] e820: BIOS-provided physical RAM map:
[    0.000000] BIOS-e820: [mem 0x0000000000000000-0x000000000009fbff] usable
[    0.000000] BIOS-e820: [mem 0x000000000009fc00-0x000000000009ffff] reserved
[    0.000000] BIOS-e820: [mem 0x00000000000f0000-0x00000000000fffff] reserved
[    0.000000] BIOS-e820: [mem 0x0000000000100000-0x000000007ffeffff] usable
[    0.000000] BIOS-e820: [mem 0x000000007fff0000-0x000000007fffffff] ACPI data
[    0.000000] BIOS-e820: [mem 0x00000000fec00000-0x00000000fec00fff] reserved
[    0.000000] BIOS-e820: [mem 0x00000000fee00000-0x00000000fee00fff] reserved
[    0.000000] BIOS-e820: [mem 0x00000000fffc0000-0x00000000ffffffff] reserved
[    0.000000] NX (Execute Disable) protection: active
[    0.000000] SMBIOS 2.5 present.
[    0.000000] DMI: innotek GmbH VirtualBox/VirtualBox, BIOS VirtualBox 12/01/2006
[    0.000000] Hypervisor detected: KVM
[    0.000000] e820: last_pfn = 0x7fff0 max_arch_pfn = 0x400000000
[    0.000000] MTRR: Disabled
[    0.000000] x86/PAT: MTRRs disabled, skipping PAT initialization too.
[    0.000000] CPU MTRRs all blank - virtualized system.
[    0.000000] x86/PAT: Configuration [0-7]: WB  WT  UC- UC  WB  WT  UC- UC  
[    0.000000] found SMP MP-table at [mem 0x0009fff0-0x0009ffff]
[    0.000000] Scanning 1 areas for low memory corruption
[    0.000000] RAMDISK: [mem 0x35a8b000-0x36d3cfff]
[    0.000000] ACPI: Early table checksum verification disabled
[    0.000000] ACPI: RSDP 0x00000000000E0000 000024 (v02 VBOX  )
[    0.000000] ACPI: XSDT 0x000000007FFF0030 00003C (v01 VBOX   VBOXXSDT 00000001 ASL  00000061)
[    0.000000] ACPI: FACP 0x000000007FFF00F0 0000F4 (v04 VBOX   VBOXFACP 00000001 ASL  00000061)
[    0.000000] ACPI: DSDT 0x000000007FFF0470 0022EA (v02 VBOX   VBOXBIOS 00000002 INTL 20100528)
[    0.000000] ACPI: FACS 0x000000007FFF0200 000040
[    0.000000] ACPI: FACS 0x000000007FFF0200 000040
[    0.000000] ACPI: APIC 0x000000007FFF0240 000054 (v02 VBOX   VBOXAPIC 00000001 ASL  00000061)
[    0.000000] ACPI: SSDT 0x000000007FFF02A0 0001CC (v01 VBOX   VBOXCPUT 00000002 INTL 20100528)
[    0.000000] No NUMA configuration found
[    0.000000] Faking a node at [mem 0x0000000000000000-0x000000007ffeffff]
[    0.000000] NODE_DATA(0) allocated [mem 0x7ffc5000-0x7ffeffff]
[    0.000000] kvm-clock: cpu 0, msr 0:7ff44001, primary cpu clock
[    0.000000] kvm-clock: Using msrs 4b564d01 and 4b564d00
[    0.000000] kvm-clock: using sched offset of 7503566383 cycles
[    0.000000] clocksource: kvm-clock: mask: 0xffffffffffffffff max_cycles: 0x1cd42e4dffb, max_idle_ns: 881590591483 ns
[    0.000000] Zone ranges:
[    0.000000]   DMA      [mem 0x0000000000001000-0x0000000000ffffff]
[    0.000000]   DMA32    [mem 0x0000000001000000-0x000000007ffeffff]
[    0.000000]   Normal   empty
[    0.000000]   Device   empty
[    0.000000] Movable zone start for each node
[    0.000000] Early memory node ranges
[    0.000000]   node   0: [mem 0x0000000000001000-0x000000000009efff]
[    0.000000]   node   0: [mem 0x0000000000100000-0x000000007ffeffff]
[    0.000000] Reserved but unavailable: 98 pages
[    0.000000] Initmem setup node 0 [mem 0x0000000000001000-0x000000007ffeffff]
[    0.000000] ACPI: PM-Timer IO Port: 0x4008
[    0.000000] IOAPIC[0]: apic_id 1, version 32, address 0xfec00000, GSI 0-23
[    0.000000] ACPI: INT_SRC_OVR (bus 0 bus_irq 0 global_irq 2 dfl dfl)
[    0.000000] ACPI: INT_SRC_OVR (bus 0 bus_irq 9 global_irq 9 low level)
[    0.000000] Using ACPI (MADT) for SMP configuration information
[    0.000000] smpboot: Allowing 1 CPUs, 0 hotplug CPUs
[    0.000000] PM: Registered nosave memory: [mem 0x00000000-0x00000fff]
[    0.000000] PM: Registered nosave memory: [mem 0x0009f000-0x0009ffff]
[    0.000000] PM: Registered nosave memory: [mem 0x000a0000-0x000effff]
[    0.000000] PM: Registered nosave memory: [mem 0x000f0000-0x000fffff]
[    0.000000] e820: [mem 0x80000000-0xfebfffff] available for PCI devices
[    0.000000] Booting paravirtualized kernel on KVM
[    0.000000] clocksource: refined-jiffies: mask: 0xffffffff max_cycles: 0xffffffff, max_idle_ns: 7645519600211568 ns
[    0.000000] random: get_random_bytes called from start_kernel+0x99/0x4fd with crng_init=0
[    0.000000] setup_percpu: NR_CPUS:8192 nr_cpumask_bits:1 nr_cpu_ids:1 nr_node_ids:1
[    0.000000] percpu: Embedded 46 pages/cpu s151552 r8192 d28672 u2097152
[    0.000000] PV qspinlock hash table entries: 256 (order: 0, 4096 bytes)
[    0.000000] Built 1 zonelists, mobility grouping on.  Total pages: 515961
[    0.000000] Policy zone: DMA32
[    0.000000] Kernel command line: BOOT_IMAGE=/boot/vmlinuz-4.15.0-64-generic root=LABEL=cloudimg-rootfs ro console=tty1 console=ttyS0
[    0.000000] Memory: 2015816K/2096696K available (12300K kernel code, 2481K rwdata, 4172K rodata, 2436K init, 2384K bss, 80880K reserved, 0K cma-reserved)
[    0.000000] SLUB: HWalign=64, Order=0-3, MinObjects=0, CPUs=1, Nodes=1
[    0.000000] Kernel/User page tables isolation: enabled
[    0.000000] ftrace: allocating 39306 entries in 154 pages
[    0.004000] Hierarchical RCU implementation.
[    0.004000] 	RCU restricting CPUs from NR_CPUS=8192 to nr_cpu_ids=1.
[    0.004000] 	Tasks RCU enabled.
[    0.004000] RCU: Adjusting geometry for rcu_fanout_leaf=16, nr_cpu_ids=1
[    0.004000] NR_IRQS: 524544, nr_irqs: 256, preallocated irqs: 16
[    0.004000] Console: colour VGA+ 80x25
[    0.004000] console [tty1] enabled
[    0.004000] console [ttyS0] enabled
[    0.004000] ACPI: Core revision 20170831
[    0.004000] ACPI: 2 ACPI AML tables successfully acquired and loaded
[    0.004000] APIC: Switch to symmetric I/O mode setup
[    0.004000] x2apic enabled
[    0.004009] Switched APIC routing to physical x2apic.
[    0.009521] ..TIMER: vector=0x30 apic1=0 pin1=2 apic2=-1 pin2=-1
[    0.012005] tsc: Detected 2494.316 MHz processor
[    0.014253] Calibrating delay loop (skipped) preset value.. 4988.63 BogoMIPS (lpj=9977264)
[    0.016004] pid_max: default: 32768 minimum: 301
[    0.020033] Security Framework initialized
[    0.024003] Yama: becoming mindful.
[    0.025620] AppArmor: AppArmor initialized
[    0.028200] Dentry cache hash table entries: 262144 (order: 9, 2097152 bytes)
[    0.034005] Inode-cache hash table entries: 131072 (order: 8, 1048576 bytes)
[    0.036031] Mount-cache hash table entries: 4096 (order: 3, 32768 bytes)
[    0.038568] Mountpoint-cache hash table entries: 4096 (order: 3, 32768 bytes)
[    0.040301] process: using mwait in idle threads
[    0.044008] Last level iTLB entries: 4KB 512, 2MB 8, 4MB 8
[    0.046117] Last level dTLB entries: 4KB 512, 2MB 32, 4MB 32, 1GB 0
[    0.048003] Spectre V1 : Mitigation: usercopy/swapgs barriers and __user pointer sanitization
[    0.052006] Spectre V2 : Mitigation: Full generic retpoline
[    0.054195] Spectre V2 : Spectre v2 / SpectreRSB mitigation: Filling RSB on context switch
[    0.056003] Speculative Store Bypass: Vulnerable
[    0.060062] MDS: Vulnerable: Clear CPU buffers attempted, no microcode
[    0.084125] Freeing SMP alternatives memory: 36K
[    0.092000] smpboot: CPU0: Intel(R) Core(TM) i5-3210M CPU @ 2.50GHz (family: 0x6, model: 0x3a, stepping: 0x9)
[    0.092000] Performance Events: unsupported p6 CPU model 58 no PMU driver, software events only.
[    0.092054] Hierarchical SRCU implementation.
[    0.096619] NMI watchdog: Perf event create on CPU 0 failed with -2
[    0.098995] NMI watchdog: Perf NMI watchdog permanently disabled
[    0.100048] smp: Bringing up secondary CPUs ...
[    0.104005] smp: Brought up 1 node, 1 CPU
[    0.105640] smpboot: Max logical packages: 1
[    0.108004] smpboot: Total of 1 processors activated (4988.63 BogoMIPS)
[    0.110695] devtmpfs: initialized
[    0.112064] x86/mm: Memory block size: 128MB
[    0.113944] evm: security.selinux
[    0.115289] evm: security.SMACK64
[    0.116007] evm: security.SMACK64EXEC
[    0.117874] evm: security.SMACK64TRANSMUTE
[    0.120003] evm: security.SMACK64MMAP
[    0.121771] evm: security.apparmor
[    0.124003] evm: security.ima
[    0.125213] evm: security.capability
[    0.126758] clocksource: jiffies: mask: 0xffffffff max_cycles: 0xffffffff, max_idle_ns: 7645041785100000 ns
[    0.128014] futex hash table entries: 256 (order: 2, 16384 bytes)
[    0.132052] pinctrl core: initialized pinctrl subsystem
[    0.134267] RTC time: 11:46:57, date: 12/02/19
[    0.136139] NET: Registered protocol family 16
[    0.137951] audit: initializing netlink subsys (disabled)
[    0.140147] cpuidle: using governor ladder
[    0.141807] cpuidle: using governor menu
[    0.144009] audit: type=2000 audit(1575287225.880:1): state=initialized audit_enabled=0 res=1
[    0.148050] ACPI: bus type PCI registered
[    0.150106] acpiphp: ACPI Hot Plug PCI Controller Driver version: 0.5
[    0.152151] PCI: Using configuration type 1 for base access
[    0.157143] HugeTLB registered 2.00 MiB page size, pre-allocated 0 pages
[    0.160194] ACPI: Added _OSI(Module Device)
[    0.161892] ACPI: Added _OSI(Processor Device)
[    0.164007] ACPI: Added _OSI(3.0 _SCP Extensions)
[    0.165814] ACPI: Added _OSI(Processor Aggregator Device)
[    0.168013] ACPI: Added _OSI(Linux-Dell-Video)
[    0.169723] ACPI: Added _OSI(Linux-Lenovo-NV-HDMI-Audio)
[    0.171799] ACPI: Added _OSI(Linux-HPI-Hybrid-Graphics)
[    0.172744] ACPI: Executed 1 blocks of module-level executable AML code
[    0.181011] ACPI: Interpreter enabled
[    0.182463] ACPI: (supports S0 S5)
[    0.183818] ACPI: Using IOAPIC for interrupt routing
[    0.184314] PCI: Using host bridge windows from ACPI; if necessary, use "pci=nocrs" and report a bug
[    0.188344] ACPI: Enabled 2 GPEs in block 00 to 07
[    0.203447] ACPI: PCI Root Bridge [PCI0] (domain 0000 [bus 00-ff])
[    0.204013] acpi PNP0A03:00: _OSC: OS supports [ASPM ClockPM Segments MSI]
[    0.208574] acpi PNP0A03:00: _OSC: not requesting OS control; OS requires [ExtendedConfig ASPM ClockPM MSI]
[    0.212016] acpi PNP0A03:00: fail to add MMCONFIG information, can't access extended PCI configuration space under this bridge.
[    0.216714] PCI host bridge to bus 0000:00
[    0.218341] pci_bus 0000:00: root bus resource [io  0x0000-0x0cf7 window]
[    0.220005] pci_bus 0000:00: root bus resource [io  0x0d00-0xffff window]
[    0.224004] pci_bus 0000:00: root bus resource [mem 0x000a0000-0x000bffff window]
[    0.226882] pci_bus 0000:00: root bus resource [mem 0x80000000-0xfdffffff window]
[    0.228004] pci_bus 0000:00: root bus resource [bus 00-ff]
[    0.237911] pci 0000:00:01.1: legacy IDE quirk: reg 0x10: [io  0x01f0-0x01f7]
[    0.240003] pci 0000:00:01.1: legacy IDE quirk: reg 0x14: [io  0x03f6]
[    0.242459] pci 0000:00:01.1: legacy IDE quirk: reg 0x18: [io  0x0170-0x0177]
[    0.244003] pci 0000:00:01.1: legacy IDE quirk: reg 0x1c: [io  0x0376]
[    0.286156] pci 0000:00:07.0: quirk: [io  0x4000-0x403f] claimed by PIIX4 ACPI
[    0.288036] pci 0000:00:07.0: quirk: [io  0x4100-0x410f] claimed by PIIX4 SMB
[    0.318716] ACPI: PCI Interrupt Link [LNKA] (IRQs 5 9 10 *11)
[    0.320587] ACPI: PCI Interrupt Link [LNKB] (IRQs 5 9 *10 11)
[    0.324217] ACPI: PCI Interrupt Link [LNKC] (IRQs 5 *9 10 11)
[    0.326611] ACPI: PCI Interrupt Link [LNKD] (IRQs 5 9 10 *11)
[    0.328602] SCSI subsystem initialized
[    0.330394] pci 0000:00:02.0: vgaarb: setting as boot VGA device
[    0.332000] pci 0000:00:02.0: vgaarb: VGA device added: decodes=io+mem,owns=io+mem,locks=none
[    0.332006] pci 0000:00:02.0: vgaarb: bridge control possible
[    0.334187] vgaarb: loaded
[    0.336042] ACPI: bus type USB registered
[    0.337628] usbcore: registered new interface driver usbfs
[    0.340012] usbcore: registered new interface driver hub
[    0.342075] usbcore: registered new device driver usb
[    0.344073] EDAC MC: Ver: 3.0.0
[    0.345984] PCI: Using ACPI for IRQ routing
[    0.348665] NetLabel: Initializing
[    0.350022] NetLabel:  domain hash size = 128
[    0.351714] NetLabel:  protocols = UNLABELED CIPSOv4 CALIPSO
[    0.352025] NetLabel:  unlabeled traffic allowed by default
[    0.356131] clocksource: Switched to clocksource kvm-clock
[    0.373825] VFS: Disk quotas dquot_6.6.0
[    0.376058] VFS: Dquot-cache hash table entries: 512 (order 0, 4096 bytes)
[    0.379893] AppArmor: AppArmor Filesystem Enabled
[    0.381823] pnp: PnP ACPI init
[    0.385980] pnp: PnP ACPI: found 3 devices
[    0.394078] clocksource: acpi_pm: mask: 0xffffff max_cycles: 0xffffff, max_idle_ns: 2085701024 ns
[    0.397719] NET: Registered protocol family 2
[    0.399675] TCP established hash table entries: 16384 (order: 5, 131072 bytes)
[    0.402586] TCP bind hash table entries: 16384 (order: 6, 262144 bytes)
[    0.405136] TCP: Hash tables configured (established 16384 bind 16384)
[    0.407678] UDP hash table entries: 1024 (order: 3, 32768 bytes)
[    0.410059] UDP-Lite hash table entries: 1024 (order: 3, 32768 bytes)
[    0.412661] NET: Registered protocol family 1
[    0.414424] pci 0000:00:00.0: Limiting direct PCI/PCI transfers
[    0.417275] pci 0000:00:01.0: Activating ISA DMA hang workarounds
[    0.421367] pci 0000:00:02.0: Video device with shadowed ROM at [mem 0x000c0000-0x000dffff]
[    0.426634] Unpacking initramfs...
[    0.795825] Freeing initrd memory: 19144K
[    0.799204] clocksource: tsc: mask: 0xffffffffffffffff max_cycles: 0x23f4406cc0d, max_idle_ns: 440795293671 ns
[    0.803115] platform rtc_cmos: registered platform RTC device (no PNP device found)
[    0.806140] Scanning for low memory corruption every 60 seconds
[    0.808983] Initialise system trusted keyrings
[    0.810732] Key type blacklist registered
[    0.812402] workingset: timestamp_bits=36 max_order=19 bucket_order=0
[    0.815795] zbud: loaded
[    0.817332] squashfs: version 4.0 (2009/01/31) Phillip Lougher
[    0.819677] fuse init (API version 7.26)
[    0.822258] Key type asymmetric registered
[    0.823871] Asymmetric key parser 'x509' registered
[    0.825814] Block layer SCSI generic (bsg) driver version 0.4 loaded (major 246)
[    0.828725] io scheduler noop registered
[    0.830266] io scheduler deadline registered
[    0.831948] io scheduler cfq registered (default)
[    0.834604] ACPI: AC Adapter [AC] (off-line)
[    0.836968] input: Power Button as /devices/LNXSYSTM:00/LNXPWRBN:00/input/input0
[    0.840046] ACPI: Power Button [PWRF]
[    0.841670] input: Sleep Button as /devices/LNXSYSTM:00/LNXSLPBN:00/input/input1
[    0.844559] ACPI: Sleep Button [SLPF]
[    0.848009] ACPI: Battery Slot [BAT0] (battery present)
[    0.850265] Serial: 8250/16550 driver, 32 ports, IRQ sharing enabled
[    0.875237] 00:0: ttyS0 at I/O 0x3f8 (irq = 4, bse_baud = 115200) is a 16550A
    0.879526] Linux agpgartinterface v0.103
[    0.882443] loop: module loaded
[    0.884315] scsi host0: ata_piix
[    0.885740] scsi host1: ata_piix
[    0.887064] ata1: PATA max UDMA/33 cmd 0x1f0 ctl 0x3f6 bmdma 0xd000 irq 14
[    0.889771] ata2: PATA max UDMA/33 cmd 0x170 ctl 0x376 bmdma 0xd008 irq 15
[    0.893487] libphy: Fixed MDIO Bus: probed
[    0.895085] tun: Universal TUN/TAP device driver, 1.6
[    0.897132] PPP generic driver version 2.4.2
[    0.898857] ehci_hcd: USB 2.0 'Enhanced' Host Controller (EHCI) Driver
[    0.901368] ehci-pci: EHCI PCI platform driver
[    0.903147] ehci-platform: EHCI generic platform driver
[    0.905193] ohci_hcd: USB 1.1 'Open' Host Controller (OHCI) Driver
[    0.907537] ohci-pci: OHCI PCI platform driver
[    0.910528] ohci-platform: OHCI generic platform driver
[    0.912785] uhci_hcd: USB Universal Host Controller Interface driver
[    0.915263] i8042: PNP: PS/2 Controller [PNP0303:PS2K,PNP0f03:PS2M] at 0x60,0x64 irq 1,12
[    0.918962] serio: i8042 KBD port at 0x60,0x64 irq 1
[    0.921093] serio: i8042 AUX port at 0x60,0x64 irq 12
[    0.923177] mousedev: PS/2 mouse device common for all mice
[    0.925672] input: AT Translated Set 2 keyboard as /devices/platform/i8042/serio0/input/input2
[    0.929435] rtc_cmos rtc_cmos: rtc core: registered rtc_cmos as rtc0
[    0.931899] rtc_cmos rtc_cmos: alarms up to one day, 114 bytes nvram
[    0.934498] i2c /dev entries driver
[    0.935964] device-mapper: uevent: version 1.0.3
[    0.938301] device-mapper: ioctl: 4.37.0-ioctl (2017-09-20) initialised: dm-devel@redhat.com
[    0.941544] ledtrig-cpu: registered to indicate activity on CPUs
[    0.944152] NET: Registered protocol family 10
[    0.949430] Segment Routing with IPv6
[    0.950977] NET: Registered protocol family 17
[    0.952784] Key type dns_resolver registered
[    0.954563] mce: Using 0 MCE banks
[    0.956083] RAS: Correctable Errors collector initialized.
[    0.958308] sched_clock: Marking stable (958228219, 0)->(1381869629, -423641410)
[    0.961359] registered taskstats version 1
[    0.963014] Loading compiled-in X.509 certificates
[    0.967090] Loaded X.509 cert 'Build time autogenerated kernel key: 9ff85db0b1f72c0c954e4d2eaca5a9366845820b'
[    0.971216] zswap: loaded using pool lzo/zbud
[    0.975803] Key type big_key registered
[    0.977420] Key type trusted registered
[    0.980587] Key type encrypted registered
[    0.982186] AppArmor: AppArmor sha1 policy hashing enabled
[    0.984429] ima: No TPM chip found, activating TPM-bypass! (rc=-19)
[    0.986813] ima: Allocated hash algorithm: sha1
[    0.988876] evm: HMAC attrs: 0x1
[    0.991404]   Magic number: 15:587:781
[    0.993491] rtc_cmos rtc_cmos: setting system clock to 2019-12-02 11:46:57 UTC (1575287217)
[    0.996799] BIOS EDD facility v0.16 2004-Jun-25, 0 devices found
[    0.999131] EDD information not available.
[    1.055607] Freeing unused kernel image memory: 2436K
[    1.064870] Write protecting the kernel read-only data: 20480k
[    1.069073] Freeing unused kernel image memory: 2008K
[    1.071742] Freeing unused kernel image memory: 1972K
[    1.082335] x86/mm: Checked W+X mappings: passed, no W+X pages found.
[    1.084806] x86/mm: Checking user space page tables
[    1.093510] x86/mm: Checked W+X mappings: passed, no W+X pages found.
Loading, please wait...
starting version 237
[    1.220158] e1000: Intel(R) PRO/1000 Network Driver - version 7.3.21-k8-NAPI
[    1.222972] e1000: Copyright (c) 1999-2006 Intel Corporation.
[    1.229660] Fusion MPT base driver 3.04.20
[    1.231278] Copyright (c) 1999-2008 LSI Corporation
[    1.261330] Fusion MPT SPI Host driver 3.04.20
[    1.275427] AVX version of gcm_enc/dec engaged.
[    1.277290] AES CTR mode by8 optimization enabled
[    1.298780] mptbase: ioc0: Initiating bringup
[    1.396742] ioc0: LSI53C1030 A0: Capabilities={Initiator}
[    1.450675] input: ImExPS/2 Generic Explorer Mouse as /devices/platform/i8042/serio1/input/input4
[    1.639394] scsi host2: ioc0: LSI53C1030 A0, FwRev=00000000h, Ports=1, MaxQ=256, IRQ=20
[    1.812722] scsi 2:0:0:0: Direct-Access     VBOX     HARDDISK         1.0  PQ: 0 ANSI: 5
[    1.818793] scsi target2:0:0: Beginning Domain Validation
[    1.823559] random: fast init done
[    1.825921] scsi target2:0:0: Domain Validation skipping write tests
[    1.828369] scsi target2:0:0: Ending Domain Validation
[    1.830450] scsi target2:0:0: asynchronous
[    1.832646] scsi 2:0:1:0: Direct-Access     VBOX     HARDDISK         1.0  PQ: 0 ANSI: 5
[    1.836858] scsi target2:0:1: Beginning Domain Validation
[    1.840887] scsi target2:0:1: Domain Validation skipping write tests
[    1.843320] scsi target2:0:1: Ending Domain Validation
[    1.845389] scsi target2:0:1: asynchronous
[    1.860400] sd 2:0:0:0: Attached scsi generic sg0 type 0
[    1.862755] random: systemd-udevd: uninitialized urandom read (16 bytes read)
[    1.865658] sd 2:0:0:0: [sda] 20971520 512-byte logical blocks: (10.7 GB/10.0 GiB)
[    1.868755] sd 2:0:0:0: [sda] Write Protect is off
[    1.870987] sd 2:0:1:0: Attached scsi generic sg1 type 0
[    1.873265] sd 2:0:1:0: [sdb] 20480 512-byte logical blocks: (10.5 MB/10.0 MiB)
[    1.876068] sd 2:0:0:0: [sda] Incomplete mode parameter data
[    1.878272] sd 2:0:0:0: [sda] Assuming drive cache: write through
[    1.880644] sd 2:0:1:0: [sdb] Write Protect is off
[    1.882515] random: systemd-udevd: uninitialized urandom read (16 bytes read)
[    1.890982] sd 2:0:1:0: [sdb] Incomplete mode parameter data
[    1.893274] sd 2:0:1:0: [sdb] Assuming drive cache: write through
[    1.895600] random: systemd-udevd: uninitialized urandom read (16 bytes read)
[    1.930471]  sda: sda1
[    1.946982] sd 2:0:0:0: [sda] Attached SCSI disk
[    1.961549] sd 2:0:1:0: [sdb] Attached SCSI disk
[    2.390713] e1000 0000:00:03.0 eth0: (PCI:33MHz:32-bit) 02:ab:ce:93:e0:e3
[    2.393716] e1000 0000:00:03.0 eth0: Intel(R) PRO/1000 Network Connection
[    2.922438] e1000 0000:00:08.0 eth1: (PCI:33MHz:32-bit) 08:00:27:dc:0a:dd
[    2.925612] e1000 0000:00:08.0 eth1: Intel(R) PRO/1000 Network Connection
[    2.929808] e1000 0000:00:08.0 enp0s8: renamed from eth1
[    2.940618] e1000 0000:00:03.0 enp0s3: renamed from eth0
Begin: Loading essential drivers ... [    4.451576] raid6: sse2x1   gen()  9072 MB/s
[    4.507734] raid6: sse2x1   xor()  6285 MB/s
[    4.556029] raid6: sse2x2   gen()  9486 MB/s
[    4.608622] raid6: sse2x2   xor()  6689 MB/s
[    4.657534] raid6: sse2x4   gen() 11031 MB/s
[    4.707535] raid6: sse2x4   xor()  8928 MB/s
[    4.709233] raid6: using algorithm sse2x4 gen() 11031 MB/s
[    4.711308] raid6: .... xor() 8928 MB/s, rmw enabled
[    4.713278] raid6: using ssse3x2 recovery algorithm
[    4.717269] xor: automatically using best checksumming function   avx       
[    4.721723] async_tx: api initialized (async)
done.
Begin: Running /scripts/init-premount ... done.
Begin: Mounting root file system ... Begin: Running /scripts/local-top ... done.
Begin: Running /scripts/local-premount ... [    4.786873] Btrfs loaded, crc32c=crc32c-intel
Scanning for Btrfs filesystems
done.
Warning: fsck not present, so skipping root file system
[    4.922885] EXT4-fs (sda1): mounted filesystem with ordered data mode. Opts: (null)
done.
Begin: Running /scripts/local-bottom ... done.
Begin: Running /scripts/init-bottom ... done.
[    6.010583] ip_tables: (C) 2000-2006 Netfilter Core Team
[    6.113096] systemd[1]: systemd 237 running in system mode. (+PAM +AUDIT +SELINUX +IMA +APPARMOR +SMACK +SYSVINIT +UTMP +LIBCRYPTSETUP +GCRYPT +GNUTLS +ACL +XZ +LZ4 +SECCOMP +BLKID +ELFUTILS +KMOD -IDN2 +IDN -PCRE2 default-hierarchy=hybrid)
[    6.126932] systemd[1]: Detected virtualization oracle.
[    6.129520] systemd[1]: Detected architecture x86-64.

Welcome to [1mUbuntu 18.04.3 LTS[0m!

[    6.165597] systemd[1]: Set hostname to <ubuntu>.
[    6.204326] systemd[1]: Initializing machine ID from random generator.
[    6.207714] systemd[1]: Installed transient /etc/machine-id file.
[    6.816815] random: crng init done
[    6.818706] random: 7 urandom warning(s) missed due to ratelimiting
[    7.574463] systemd[1]: Reached target Swap.
[[0;32m  OK  [0m] Reached target Swap.
[    7.577814] systemd[1]: Reached target System Time Synchronized.
[[0;32m  OK  [0m] Reached target System Time Synchronized.
[    7.582966] systemd[1]: Created slice User and Session Slice.
[[0;32m  OK  [0m] Created slice User and Session Slice.
[    7.587617] systemd[1]: Created slice System Slice.
[[0;32m  OK  [0m] Created slice System Slice.
[[0;32m  OK  [0m] Listening on Device-mapper event daemon FIFOs.
[[0;32m  OK  [0m] Listening on Syslog Socket.
[[0;32m  OK  [0m] Reached target Slices.
[[0;32m  OK  [0m] Listening on LVM2 poll daemon socket.
[[0;32m  OK  [0m] Listening on /dev/initctl Compatibility Named Pipe.
[[0;32m  OK  [0m] Listening on udev Kernel Socket.
[[0;32m  OK  [0m] Set up automount Arbitrary Executab…rmats File System Automount Point.
[[0;32m  OK  [0m] Listening on udev Control Socket.
[[0;32m  OK  [0m] Listening on Network Service Netlink Socket.
[[0;32m  OK  [0m] Listening on Journal Audit Socket.
[[0;32m  OK  [0m] Listening on LVM2 metadata daemon socket.
[[0;32m  OK  [0m] Started Forward Password Requests to Wall Directory Watch.
[[0;32m  OK  [0m] Reached target User and Group Name Lookups.
[[0;32m  OK  [0m] Listening on Journal Socket.
         Mounting Huge Pages File System...
         Starting Load Kernel Modules...
         Starting Create list of required st…ce nodes for the current kernel...
         Starting Set the console keyboard layout...
         Starting Remount Root and Kernel File Systems...
         Mounting Kernel Debug File System...
         Mounting POSIX Message Queue File System...
         Starting udev Coldplug all Devices...
         Starting Uncomplicated firewall...
         Starting Monitoring of LVM2 mirrors…ng dmeventd or progress polling...
[    7.830256] Loading iSCSI transport class v2.0-870.
[[0;32m  OK  [0m] Created slice system-serial\x2dgetty.slice.
[[0;32m  OK  [0m] [    7.836279] EXT4-fs (sda1): re-mounted. Opts: (null)
Listening on Journal Socket (/dev/log).
         Starting Journal Service...
[[0;32m  OK  [0m] Mounted Huge Pages File System.
[[0;32m  OK  [0m] Started Create list of required sta…vice nodes for the current kernel.
[[0;32m  OK  [0m] Started Remount Root and Kernel File Systems.
[[0;32m  OK  [0m] Mounted Kernel Debug File System.
[[0;32m  OK  [0m] Mounted POSIX Message Queue File System.
         Starting Load/Save Random Seed...
[    8.007511] iscsi: registered transport (tcp)
         Starting Create Static Device Nodes in /dev...
[[0;32m  OK  [0m] Started Journal Service.
[[0;32m  OK  [0m] Started Uncomplicated firewall.
[[0;32m  OK  [0m] Started Load/Save Random Seed.
         Starting Flush Journal to Persistent Storage...
[    8.221012] iscsi: registered transport (iser)
[[0;32m  OK  [0m] Started Load Kernel Modules.
         Mounting FUSE Control File System...
         Mounting Kernel Configuration File System...
         Starting Apply Kernel Variables...
[[0;32m  OK  [0m] Started udev Coldplug all Devices.
[[0;32m  OK  [0m] Mounted FUSE Control File System.
[[0;32m  OK  [0m] Mounted Kernel Configuration File System.
[    8.311849] systemd-journald[391]: Received request to flush runtime journal from PID 1
[[0;32m  OK  [0m] Started LVM2 metadata daemon.
[[0;32m  OK  [0m] Started Apply Kernel Variables.
[[0;32m  OK  [0m] Started Flush Journal to Persistent Storage.
[[0;32m  OK  [0m] Started Monitoring of LVM2 mirrors,…sing dmeventd or progress polling.
[[0;32m  OK  [0m] Started Create Static Device Nodes in /dev.
         Starting udev Kernel Device Manager...
[[0;32m  OK  [0m] Started udev Kernel Device Manager.
[[0;32m  OK  [0m] Found device /dev/ttyS0.
[[0;32m  OK  [0m] Listening on Load/Save RF Kill Switch Status /dev/rfkill Watch.
[[0;32m  OK  [0m] Started Set the console keyboard layout.
[[0;32m  OK  [0m] Reached target Local File Systems (Pre).
[[0;32m  OK  [0m] Reached target Local File Systems.
         Starting Set console font and keymap...
         Starting Commit a transient machine-id on disk...
         Starting Tell Plymouth To Write Out Runtime Data...
         Starting ebtables ruleset management...
         Starting Create Volatile Files and Directories...
         Starting AppArmor initialization...
[[0;32m  OK  [0m] Started Dispatch Password Requests to Console Directory Watch.
[[0;32m  OK  [0m] Reached target Local Encrypted Volumes.
[[0;32m  OK  [0m] Started Set console font and keymap.
[[0;32m  OK  [0m] Started Tell Plymouth To Write Out Runtime Data.
[[0;32m  OK  [0m] Started Commit a transient machine-id on disk.
[[0;32m  OK  [0m] Started Create Volatile Files and Directories.
         Starting Update UTMP about System Boot/Shutdown...
[[0;32m  OK  [0m] Started Update UTMP about System Boot/Shutdown.
[[0;32m  OK  [0m] Started ebtables ruleset management.
[[0;32m  OK  [0m] Started AppArmor initialization.
         Starting Initial cloud-init job (pre-networking)...
[   16.988742] cloud-init[642]: Cloud-init v. 19.2-24-ge7881d5c-0ubuntu1~18.04.1 running 'init-local' at Mon, 02 Dec 2019 11:47:12 +0000. Up 16.33 seconds.
[[0;32m  OK  [0m] Started Initial cloud-init job (pre-networking).
[[0;32m  OK  [0m] Reached target Network (Pre).
         Starting Network Service...
[[0;32m  OK  [0m] Started Network Service.
         Starting Network Name Resolution...
         Starting Wait for Network to be Configured...
[[0;32m  OK  [0m] Started Network Name Resolution.
[[0;32m  OK  [0m] Reached target Network.
[[0;32m  OK  [0m] Reached target Host and Network Name Lookups.
[[0;32m  OK  [0m] Started Wait for Network to be Configured.
         Starting Initial cloud-init job (metadata service crawler)...
[   19.797863] cloud-init[762]: Cloud-init v. 19.2-24-ge7881d5c-0ubuntu1~18.04.1 running 'init' at Mon, 02 Dec 2019 11:47:15 +0000. Up 19.47 seconds.
[   19.816914] cloud-init[762]: ci-info: ++++++++++++++++++++++++++++++++++++++Net device info+++++++++++++++++++++++++++++++++++++++
[   19.828598] cloud-init[762]: ci-info: +--------+-------+----------------------------+---------------+--------+-------------------+
[   19.836644] cloud-init[762]: ci-info: | Device |   Up  |          Address           |      Mask     | Scope  |     Hw-Address    |
[   19.868482] cloud-init[762]: ci-info: +--------+-------+----------------------------+---------------+--------+-------------------+
[   19.876159] cloud-init[762]: ci-info: | enp0s3 |  True |         10.0.2.15          | 255.255.255.0 | global | 02:ab:ce:93:e0:e3 |
[   19.882617] cloud-init[762]: ci-info: | enp0s3 |  True | fe80::ab:ceff:fe93:e0e3/64 |       .       |  link  | 02:ab:ce:93:e0:e3 |
[   19.889166] cloud-init[762]: ci-info: | enp0s8 | False |             .              |       .       |   .    | 08:00:27:dc:0a:dd |
[   19.899620] cloud-init[762]: ci-info: |   lo   |  True |         127.0.0.1          |   255.0.0.0   |  host  |         .         |
[   19.904788] cloud-init[762]: ci-info: |   lo   |  True |          ::1/128           |       .       |  host  |         .         |
[   19.913365] cloud-init[762]: ci-info: +--------+-------+----------------------------+---------------+--------+-------------------+
[   19.923587] cloud-init[762]: ci-info: ++++++++++++++++++++++++++++Route IPv4 info+++++++++++++++++++++++++++++
[   19.928117] cloud-init[762]: ci-info: +-------+-------------+----------+-----------------+-----------+-------+
[   19.931773] cloud-init[762]: ci-info: | Route | Destination | Gateway  |     Genmask     | Interface | Flags |
[   19.935408] cloud-init[762]: ci-info: +-------+-------------+----------+-----------------+-----------+-------+
[   19.956322] cloud-init[762]: ci-info: |   0   |   0.0.0.0   | 10.0.2.2 |     0.0.0.0     |   enp0s3  |   UG  |
[   19.963060] cloud-init[762]: ci-info: |   1   |   10.0.2.0  | 0.0.0.0  |  255.255.255.0  |   enp0s3  |   U   |
[   19.968467] cloud-init[762]: ci-info: |   2   |   10.0.2.2  | 0.0.0.0  | 255.255.255.255 |   enp0s3  |   UH  |
[   19.972441] cloud-init[762]: ci-info: +-------+-------------+----------+-----------------+-----------+-------+
[   19.976508] cloud-init[762]: ci-info: +++++++++++++++++++Route IPv6 info+++++++++++++++++++
[   19.981684] cloud-init[762]: ci-info: +-------+-------------+---------+-----------+-------+
[   19.985130] cloud-init[762]: ci-info: | Route | Destination | Gateway | Interface | Flags |
[   19.988688] cloud-init[762]: ci-info: +-------+-------------+---------+-----------+-------+
[   19.992852] cloud-init[762]: ci-info: |   1   |  fe80::/64  |    ::   |   enp0s3  |   U   |
[   19.997197] cloud-init[762]: ci-info: |   3   |    local    |    ::   |   enp0s3  |   U   |
[   20.000784] cloud-init[762]: ci-info: |   4   |   ff00::/8  |    ::   |   enp0s3  |   U   |
[   20.006795] cloud-init[762]: ci-info: +-------+-------------+---------+-----------+-------+
[   21.437725] cloud-init[762]: Generating public/private rsa key pair.
[   21.439888] cloud-init[762]: Your identification has been saved in /etc/ssh/ssh_host_rsa_key.
[   21.457977] cloud-init[762]: Your public key has been saved in /etc/ssh/ssh_host_rsa_key.pub.
[   21.461103] cloud-init[762]: The key fingerprint is:
[   21.464320] cloud-init[762]: SHA256:ThHr5UBcjJYB/HvXPhcj9pXeav+qWG/aAkWD7+Pz2OM root@ubuntu-bionic
[   21.472438] cloud-init[762]: The key's randomart image is:
[   21.476624] cloud-init[762]: +---[RSA 2048]----+
[   21.484302] cloud-init[762]: |     ..o+*..     |
[   21.488367] cloud-init[762]: |      ..=oo o    |
[   21.500549] cloud-init[762]: |       o+ .o .   |
[   21.507391] cloud-init[762]: |       ..=  o    |
[   21.509494] cloud-init[762]: |        S..o .  .|
[   21.516494] cloud-init[762]: |       o. o +o.+.|
[   21.518788] cloud-init[762]: |        .. +oo+ =|
[   21.524885] cloud-init[762]: |           o+=*oo|
[   21.526348] cloud-init[762]: |          . +XEB+|
[   21.532394] cloud-init[762]: +----[SHA256]-----+
[   21.534018] cloud-init[762]: Generating public/private dsa key pair.
[   21.552459] cloud-init[762]: Your identification has been saved in /etc/ssh/ssh_host_dsa_key.
[   21.555166] cloud-init[762]: [[0;32m  OK  [0m] Started Initial cloud-init job (metadata service crawler).
[Your public key has been saved in /etc/ssh/ssh_host_dsa_key.pub.
[   21.562284] cloud-init[762]: The key fingerprint is:
[0;32m  OK  [0m] Reached target Network is Online.
[   21.566089] cloud-init[762]: SHA256:H2ua4QfRI77K/QwrTeQleLABWwrM87jU8Ms8gmh4L3I root@ubuntu-bionic
[   21.569554] cloud-init[762]: The key's randomart image is:
[   21.571695] cloud-init[762]: +---[DSA 1024]----+
[   21.573537] cloud-init[762]: | o. ...          |
[   21.575335] cloud-init[762]: |  =. +o          |[[0;32m  OK  [0m] Reached target Remote File Systems (Pre).
[[0;32m  OK  [0m] Reached target Remote File Systems.

[   21.586584] cloud-init[762]: |   Bo  = .       |         Starting Availability of block devices...
[[0;32m  OK  [0m] Reached target System Initialization.
[   21.594805] cloud-init[762]: |  o + o * +      |
[[0;32m  OK  [0m] Started Discard unused blocks once a week.
[[0;32m  OK  [0m
[   21.603129] cloud-init[762]: ] Started Message of the Day.
[[0;32m  OK  [0m] Listening on Open-iSCSI iscsid Socket.
[[0;32m  OK  [0m|oo + . =S=..     |
[   21.610030] cloud-init[762]: |+.+ =   =. o     |
[   21.611894] ] Started Daily Cleanup of Temporary Directories.
[[0;32m  OK  [0m] Listening on UUID daemon activation socket.cloud-init[762]: 
[[0;32m  OK  [0m] Listening on ACPID Listen Socket.
|.. o . ooo+      |
[[0;32m  OK  [0m] Started ACPI Events Check.
[[0;32m  OK  [0m] Reached target Paths.
         Starting Socket activation for snappy daemon.[   21.632848] cloud-init[762]: |. E ...ooO.      |
[   21.635079] cloud-init[762]: 
| o .  oo*oo      |
[   21.642775] cloud-init[762]: +----[SHA256]-----+
[   21.645975] cloud-init[762]: Generating public/private ecdsa key pair.
[   21.648199] cloud-init[762]: Your identification has been saved in /etc/ssh/ssh_host_ecdsa_key.
[   21.651471] cloud-init[762]: Your public key has been saved in /etc/ssh/ssh_host_ecdsa_key.pub.
[   21.654883] cloud-init[762]: The key fingerprint is:
[   21.656835] cloud-init[762]: SHA256:miFP/3PrlcQdprph8HNNI0e8RnHmzc88eQiwB5Omiis root@ubuntu-bionic
[   21.660161] cloud-init[762]: The key's randomart image is:
[   21.662247] cloud-init[762]:          Starting LXD - unix socket.
[[0;32m  OK  [0m] Started Daily apt download activities.
[[0;32m  OK  [0m+---[ECDSA 256]---+
[   21.669298] cloud-init[762]: |          +.   .o|
[   21.671119] cloud-init[762]: ] Started Daily apt upgrade and clean activities.
[[0;32m  OK  [0m] Reached target Timers.
[[0;32m  OK  [0m] Listening on D-Bus System Message Bus Socket.
[[0;32m  OK  [0m] Reached target Cloud-config availability.
|          o=  .++|
[[   21.700425] cloud-init[762]: |         o. o  *+|
[   21.702003] cloud-init[762]: |        .  . o===|
[   21.703808] [0;32m  OK  [0m] Started Availability of block devices.
[[0;32m  OK  [0m] Listening on Socket activation for snappy daemon.
[[0;32m  OK  [0m] Listening on LXD - unix socket.
[[0;32m  OK  [0m] Reached target Sockets.
[[0;32m  OK  [0m] Reached target Basic System.cloud-init[762]: |    ..o.S.   o+O*|
[   21.718020] cloud-init[762]: |    .+.=  o ..*.+|
[   21.719800] 
         Starting Pollinate to seed the pseudo random number generator...
cloud-init[762]: |     .+ .  * .o. |
[   21.732516] cloud-init[762]: |  E .    .o *.   |
         Starting Accounts Service...
         Starting Virtualbox guest utils...
[   21.740226] cloud-init[762]: |   .      .=o.   |
[[0;32m  OK  [0m] Started FUSE filesystem for LXC.
[   21.750791] cloud-init[762]: +----[SHA256]-----+
[   21.753876] cloud-init[762]: Generating public/private ed25519 key pair.
[   21.759837] cloud-init[762]: Your identification has been saved in /etc/ssh/ssh_host_ed25519_key.
[   21.765784] cloud-init[762]: Your public key has been saved in /etc/ssh/ssh_host_ed25519_key.pub.
[   21.772708] cloud-init[762]: The key fingerprint is:
[   21.775546] cloud-init[762]: SHA256:OUgRlwDcVC2xwy/WXcVcNAFSxvAqBY6yFw62AH4AVKc root@ubuntu-bionic
[   21.783776] cloud-init[762]: The key's randomart image is:
[   21.791770] cloud-init[762]: +--[ED25519 256]--+
[   21.794257] cloud-init[762]: |++.o.==++= o++.**|
[   21.795837] cloud-init[762]: |. o + .+=.o +. .+|
[   21.798573] cloud-init[762]: | . E +.o+o . ..  |
[   21.801474] cloud-init[762]: |  . o.*..=....   |
[   21.803543] cloud-init[762]: |     o.oS.o..    |
[   21.805701] cloud-init[762]: |      .. o.      |
[   21.807696] cloud-init[762]: |                 |
[   21.809554] cloud-init[762]: |                 |
[   21.811821] cloud-init[762]: |                 |
[   21.818992] cloud-init[762]: +----[SHA256]-----+
         Starting Dispatcher daemon for systemd-networkd...
         Starting LSB: Record successful boot for GRUB...
         Starting LXD - container startup/shutdown...
         Starting Login Service...
[[0;32m  OK  [0m] Started Deferred execution scheduler.
         Starting Snappy daemon...
[[0;32m  OK  [0m] Started Regular background program processing daemon.
[[0;32m  OK  [0m] Started irqbalance daemon.
         Starting Permit User Sessions...
         Starting System Logging Service...
[[0;32m  OK  [0m] Started D-Bus System Message Bus.
[[0;32m  OK  [0m] Started Login Service.
[[0;32m  OK  [0m] Started Unattended Upgrades Shutdown.
         Starting LSB: automatic crash report generation...
[[0;32m  OK  [0m] Started System Logging Service.
[[0;32m  OK  [0m] Started Permit User Sessions.
         Starting Hold until boot process finishes up...
         Starting Terminate Plymouth Boot Screen...
[[0;32m  OK  [0m] Started Hold until boot process finishes up.
[[0;32m  OK  [0m] Started Terminate Plymouth Boot Screen.
[[0;32m  OK  [0m] Started Serial Getty on ttyS0.
         Starting Set console scheme...
[[0;32m  OK  [0m] Started Dispatcher daemon for systemd-networkd.
[[0;32m  OK  [0m] Started Set console scheme.
[[0;32m  OK  [0m] Created slice system-getty.slice.
[[0;32m  OK  [0m] Started Getty on tty1.
[[0;32m  OK  [0m] Reached target Login Prompts.
         Starting Authorization Manager...
[[0;32m  OK  [0m] Started LSB: automatic crash report generation.
[[0;32m  OK  [0m] Started LSB: Record successful boot for GRUB.
[[0;32m  OK  [0m] Started Authorization Manager.
[[0;32m  OK  [0m] Started Accounts Service.
[[0;32m  OK  [0m] Started Virtualbox guest utils.
[[0;32m  OK  [0m] Started LXD - container startup/shutdown.
[[0;32m  OK  [0m] Started Snappy daemon.
         Starting Wait until snapd is fully seeded...
[[0;32m  OK  [0m] Started Pollinate to seed the pseudo random number generator.
         Starting OpenBSD Secure Shell server...
[[0;32m  OK  [0m] Started OpenBSD Secure Shell server.

Ubuntu 18.04.3 LTS ubuntu-bionic ttyS0

ubuntu-bionic login: [   38.116416] cloud-init[1431]: Cloud-init v. 19.2-24-ge7881d5c-0ubuntu1~18.04.1 running 'modules:config' at Mon, 02 Dec 2019 11:47:32 +0000. Up 36.11 seconds.
ci-info: no authorized ssh keys fingerprints found for user ubuntu.
<14>Dec  2 11:47:35 ec2: 
<14>Dec  2 11:47:35 ec2: #############################################################
<14>Dec  2 11:47:35 ec2: -----BEGIN SSH HOST KEY FINGERPRINTS-----
<14>Dec  2 11:47:35 ec2: 1024 SHA256:H2ua4QfRI77K/QwrTeQleLABWwrM87jU8Ms8gmh4L3I root@ubuntu-bionic (DSA)
<14>Dec  2 11:47:35 ec2: 256 SHA256:miFP/3PrlcQdprph8HNNI0e8RnHmzc88eQiwB5Omiis root@ubuntu-bionic (ECDSA)
<14>Dec  2 11:47:35 ec2: 256 SHA256:OUgRlwDcVC2xwy/WXcVcNAFSxvAqBY6yFw62AH4AVKc root@ubuntu-bionic (ED25519)
<14>Dec  2 11:47:35 ec2: 2048 SHA256:ThHr5UBcjJYB/HvXPhcj9pXeav+qWG/aAkWD7+Pz2OM root@ubuntu-bionic (RSA)
<14>Dec  2 11:47:35 ec2: -----END SSH HOST KEY FINGERPRINTS-----
<14>Dec  2 11:47:35 ec2: #############################################################
-----BEGIN SSH HOST KEY KEYS-----
ecdsa-sha2-nistp256 AAAAE2VjZHNhLXNoYTItbmlzdHAyNTYAAAAIbmlzdHAyNTYAAABBBJ/YXLPnBNIBeGDL7mQgt+uE1MtRHRiW8LtzBI392ZbWeYGPb3NsyKFPdAMDQNAp+AapuaLcIYexzqHcJxxrnZ8= root@ubuntu-bionic
ssh-ed25519 AAAAC3NzaC1lZDI1NTE5AAAAIMu3GTgHlfZBdHsy+ZcXvN3Hs3pprjENuWSfR7VobZPx root@ubuntu-bionic
ssh-rsa AAAAB3NzaC1yc2EAAAADAQABAAABAQDDH92yJhzYVlXo3pkzxYa844/oqnc5yGnm1MG8MKoUD5KO6IiwjsCDEt9+t42zv8F1/62e1Swo0hDZXwTl2isi4nrpBLcMhfBFDpTclUehUxUkhlfNlk4AvJtu60Sre/Sh9y42nYhx2CqNPOrCRW4Qjt9wpil+WsNbijRHvnPDaZOCZjz+TxgyYC3QrOmGPkWwfdb7atDcvZKcbLtMIFxLqGy3iNnKmD53C5WUTNzkUzgyyLNcMnjlGUKeiwHyxqGGv79f0YDfavYZin7PM812AZLW2iV3UbGqXyjdZZgNgtZOzSkNXJkt+AzFjHlKMG68MVDXy45o9ZndDDYsyH6t root@ubuntu-bionic
-----END SSH HOST KEY KEYS-----
[   39.269820] cloud-init[1678]: Cloud-init v. 19.2-24-ge7881d5c-0ubuntu1~18.04.1 running 'modules:final' at Mon, 02 Dec 2019 11:47:35 +0000. Up 38.91 seconds.
[   39.280601] cloud-init[1678]: ci-info: no authorized ssh keys fingerprints found for user ubuntu.
[   39.291498] cloud-init[1678]: Cloud-init v. 19.2-24-ge7881d5c-0ubuntu1~18.04.1 finished at Mon, 02 Dec 2019 11:47:35 +0000. Datasource DataSourceNoCloud [seed=/dev/sdb][dsmode=net].  Up 39.26 seconds
